# JRE version: OpenJDK Runtime Environment (8.0_112-b06) (build 1.8.0_112-release-b06)
# Java VM: OpenJDK 64-Bit Server VM (25.112-b06 mixed mode windows-amd64 compressed oops)
Heap:
 PSYoungGen      total 203264K, used 149423K [0x00000000e0000000, 0x00000000f2f80000, 0x0000000100000000)
  eden space 113664K, 89% used [0x00000000e0000000,0x00000000e63309e8,0x00000000e6f00000)
  from space 89600K, 53% used [0x00000000e6f00000,0x00000000e9dbb328,0x00000000ec680000)
  to   space 91136K, 0% used [0x00000000ed680000,0x00000000ed680000,0x00000000f2f80000)
 ParOldGen       total 250880K, used 93115K [0x00000000a0000000, 0x00000000af500000, 0x00000000e0000000)
  object space 250880K, 37% used [0x00000000a0000000,0x00000000a5aeecc0,0x00000000af500000)
 Metaspace       used 77093K, capacity 81332K, committed 81664K, reserved 1120256K
  class space    used 9779K, capacity 10613K, committed 10752K, reserved 1048576K
GC Heap History (10 events):
Event: 5148.735 GC heap before
{Heap before GC invocations=35 (full 4):
 PSYoungGen      total 185344K, used 98644K [0x00000000e0000000, 0x00000000f2680000, 0x0000000100000000)
  eden space 98816K, 99% used [0x00000000e0000000,0x00000000e6055328,0x00000000e6080000)
  from space 86528K, 0% used [0x00000000ebf80000,0x00000000ebf80000,0x00000000f1400000)
  to   space 97280K, 0% used [0x00000000e6080000,0x00000000e6080000,0x00000000ebf80000)
 ParOldGen       total 250880K, used 93083K [0x00000000a0000000, 0x00000000af500000, 0x00000000e0000000)
  object space 250880K, 37% used [0x00000000a0000000,0x00000000a5ae6cc0,0x00000000af500000)
 Metaspace       used 76636K, capacity 80650K, committed 81408K, reserved 1120256K
  class space    used 9742K, capacity 10578K, committed 10752K, reserved 1048576K
Event: 5148.740 GC heap after
Heap after GC invocations=35 (full 4):
 PSYoungGen      total 196096K, used 277K [0x00000000e0000000, 0x00000000f2880000, 0x0000000100000000)
  eden space 98816K, 0% used [0x00000000e0000000,0x00000000e0000000,0x00000000e6080000)
  from space 97280K, 0% used [0x00000000e6080000,0x00000000e60c55f8,0x00000000ebf80000)
  to   space 97792K, 0% used [0x00000000ec900000,0x00000000ec900000,0x00000000f2880000)
 ParOldGen       total 250880K, used 93083K [0x00000000a0000000, 0x00000000af500000, 0x00000000e0000000)
  object space 250880K, 37% used [0x00000000a0000000,0x00000000a5ae6cc0,0x00000000af500000)
 Metaspace       used 76636K, capacity 80650K, committed 81408K, reserved 1120256K
  class space    used 9742K, capacity 10578K, committed 10752K, reserved 1048576K
}
Event: 6115.156 GC heap before
{Heap before GC invocations=36 (full 4):
 PSYoungGen      total 196096K, used 99093K [0x00000000e0000000, 0x00000000f2880000, 0x0000000100000000)
  eden space 98816K, 100% used [0x00000000e0000000,0x00000000e6080000,0x00000000e6080000)
  from space 97280K, 0% used [0x00000000e6080000,0x00000000e60c55f8,0x00000000ebf80000)
  to   space 97792K, 0% used [0x00000000ec900000,0x00000000ec900000,0x00000000f2880000)
 ParOldGen       total 250880K, used 93083K [0x00000000a0000000, 0x00000000af500000, 0x00000000e0000000)
  object space 250880K, 37% used [0x00000000a0000000,0x00000000a5ae6cc0,0x00000000af500000)
 Metaspace       used 76799K, capacity 80900K, committed 81408K, reserved 1120256K
  class space    used 9766K, capacity 10595K, committed 10752K, reserved 1048576K
Event: 6115.190 GC heap after
Heap after GC invocations=36 (full 4):
 PSYoungGen      total 199680K, used 3094K [0x00000000e0000000, 0x00000000f2400000, 0x0000000100000000)
  eden space 106496K, 0% used [0x00000000e0000000,0x00000000e0000000,0x00000000e6800000)
  from space 93184K, 3% used [0x00000000ec900000,0x00000000ecc05a58,0x00000000f2400000)
  to   space 96256K, 0% used [0x00000000e6800000,0x00000000e6800000,0x00000000ec600000)
 ParOldGen       total 250880K, used 93091K [0x00000000a0000000, 0x00000000af500000, 0x00000000e0000000)
  object space 250880K, 37% used [0x00000000a0000000,0x00000000a5ae8cc0,0x00000000af500000)
 Metaspace       used 76799K, capacity 80900K, committed 81408K, reserved 1120256K
  class space    used 9766K, capacity 10595K, committed 10752K, reserved 1048576K
}
Event: 6120.826 GC heap before
{Heap before GC invocations=37 (full 4):
 PSYoungGen      total 199680K, used 109589K [0x00000000e0000000, 0x00000000f2400000, 0x0000000100000000)
  eden space 106496K, 99% used [0x00000000e0000000,0x00000000e67ffc80,0x00000000e6800000)
  from space 93184K, 3% used [0x00000000ec900000,0x00000000ecc05a58,0x00000000f2400000)
  to   space 96256K, 0% used [0x00000000e6800000,0x00000000e6800000,0x00000000ec600000)
 ParOldGen       total 250880K, used 93091K [0x00000000a0000000, 0x00000000af500000, 0x00000000e0000000)
  object space 250880K, 37% used [0x00000000a0000000,0x00000000a5ae8cc0,0x00000000af500000)
 Metaspace       used 76846K, capacity 80982K, committed 81408K, reserved 1120256K
  class space    used 9768K, capacity 10598K, committed 10752K, reserved 1048576K
Event: 6120.854 GC heap after
Heap after GC invocations=37 (full 4):
 PSYoungGen      total 202752K, used 7160K [0x00000000e0000000, 0x00000000f2600000, 0x0000000100000000)
  eden space 106496K, 0% used [0x00000000e0000000,0x00000000e0000000,0x00000000e6800000)
  from space 96256K, 7% used [0x00000000e6800000,0x00000000e6efe108,0x00000000ec600000)
  to   space 93696K, 0% used [0x00000000eca80000,0x00000000eca80000,0x00000000f2600000)
 ParOldGen       total 250880K, used 93099K [0x00000000a0000000, 0x00000000af500000, 0x00000000e0000000)
  object space 250880K, 37% used [0x00000000a0000000,0x00000000a5aeacc0,0x00000000af500000)
 Metaspace       used 76846K, capacity 80982K, committed 81408K, reserved 1120256K
  class space    used 9768K, capacity 10598K, committed 10752K, reserved 1048576K
}
Event: 6128.796 GC heap before
{Heap before GC invocations=38 (full 4):
 PSYoungGen      total 202752K, used 113656K [0x00000000e0000000, 0x00000000f2600000, 0x0000000100000000)
  eden space 106496K, 100% used [0x00000000e0000000,0x00000000e6800000,0x00000000e6800000)
  from space 96256K, 7% used [0x00000000e6800000,0x00000000e6efe108,0x00000000ec600000)
  to   space 93696K, 0% used [0x00000000eca80000,0x00000000eca80000,0x00000000f2600000)
 ParOldGen       total 250880K, used 93099K [0x00000000a0000000, 0x00000000af500000, 0x00000000e0000000)
  object space 250880K, 37% used [0x00000000a0000000,0x00000000a5aeacc0,0x00000000af500000)
 Metaspace       used 76887K, capacity 81052K, committed 81408K, reserved 1120256K
  class space    used 9768K, capacity 10599K, committed 10752K, reserved 1048576K
Event: 6128.825 GC heap after
Heap after GC invocations=38 (full 4):
 PSYoungGen      total 199168K, used 13668K [0x00000000e0000000, 0x00000000f1e00000, 0x0000000100000000)
  eden space 113664K, 0% used [0x00000000e0000000,0x00000000e0000000,0x00000000e6f00000)
  from space 85504K, 15% used [0x00000000eca80000,0x00000000ed7d9270,0x00000000f1e00000)
  to   space 89600K, 0% used [0x00000000e6f00000,0x00000000e6f00000,0x00000000ec680000)
 ParOldGen       total 250880K, used 93107K [0x00000000a0000000, 0x00000000af500000, 0x00000000e0000000)
  object space 250880K, 37% used [0x00000000a0000000,0x00000000a5aeccc0,0x00000000af500000)
 Metaspace       used 76887K, capacity 81052K, committed 81408K, reserved 1120256K
  class space    used 9768K, capacity 10599K, committed 10752K, reserved 1048576K
}
Event: 6130.388 GC heap before
{Heap before GC invocations=39 (full 4):
 PSYoungGen      total 199168K, used 127332K [0x00000000e0000000, 0x00000000f1e00000, 0x0000000100000000)
  eden space 113664K, 100% used [0x00000000e0000000,0x00000000e6f00000,0x00000000e6f00000)
  from space 85504K, 15% used [0x00000000eca80000,0x00000000ed7d9270,0x00000000f1e00000)
  to   space 89600K, 0% used [0x00000000e6f00000,0x00000000e6f00000,0x00000000ec680000)
 ParOldGen       total 250880K, used 93107K [0x00000000a0000000, 0x00000000af500000, 0x00000000e0000000)
  object space 250880K, 37% used [0x00000000a0000000,0x00000000a5aeccc0,0x00000000af500000)
 Metaspace       used 76974K, capacity 81116K, committed 81664K, reserved 1120256K
  class space    used 9768K, capacity 10599K, committed 10752K, reserved 1048576K
Event: 6130.439 GC heap after
Heap after GC invocations=39 (full 4):
 PSYoungGen      total 203264K, used 47852K [0x00000000e0000000, 0x00000000f2f80000, 0x0000000100000000)
  eden space 113664K, 0% used [0x00000000e0000000,0x00000000e0000000,0x00000000e6f00000)
  from space 89600K, 53% used [0x00000000e6f00000,0x00000000e9dbb328,0x00000000ec680000)
  to   space 91136K, 0% used [0x00000000ed680000,0x00000000ed680000,0x00000000f2f80000)
 ParOldGen       total 250880K, used 93115K [0x00000000a0000000, 0x00000000af500000, 0x00000000e0000000)
  object space 250880K, 37% used [0x00000000a0000000,0x00000000a5aeecc0,0x00000000af500000)
 Metaspace       used 76974K, capacity 81116K, committed 81664K, reserved 1120256K
  class space    used 9768K, capacity 10599K, committed 10752K, reserved 1048576K
}

